2024-09-03 11:23:54 -  - exec CUpdateClientPartner::__CollectRequestData
2024-09-03 11:23:54 -  - exec CUpdateClientPartner::GetHTTPPage
2024-09-03 11:23:54 -  - exec CUpdateClientPartner::ParseServerData
2024-09-03 11:23:54 -  - exec CUpdateClientPartner::GetUpdatesList
2024-09-03 11:23:54 -  - exec CUpdateClientPartner::__CollectRequestData
2024-09-03 11:23:54 -  - utf=Y&lang=ru&stable=Y&CANGZIP=Y&SUPD_DBS=MYSQL&XE=N&CLIENT_SITE=tuman2eq.beget.tech&LICENSE_KEY=X&SUPD_STS=1&SUPD_URS=1&TYPENC=D&CLIENT_PHPVER=8.3.8&NGINX=Y&dbv=8.0.34&instm=main%2C23.300.100%2CY%3Bsecurity%2C21.300.0%2CN%3Bhighloadblock%2C22.200.0%2CN%3Bform%2C22.0.0%2CN%3Bwebservice%2C21.0.0%2CN%3Bbitrixcloud%2C22.100.0%2CN%3Bidea%2C21.0.0%2CN%3Bsender%2C23.0.0%2CN%3Bbizprocdesigner%2C23.100.0%2CN%3Bbitrix.sitepersonal%2C15.5.0%2CN%3Bbizproc%2C23.200.100%2CN%3Bsale%2C23.200.0%2CN%3Bblog%2C22.0.0%2CN%3Bphotogallery%2C22.0.200%2CN%3Bstatistic%2C22.0.0%2CN%3Bcurrency%2C22.500.0%2CN%3Bim%2C23.400.0%2CN%3Bscale%2C21.0.0%2CN%3Bclouds%2C23.0.0%2CN%3Bsupport%2C23.0.0%2CN%3Blocation%2C23.0.0%2CN%3Bcalendar%2C23.200.100%2CN%3Bcatalog%2C23.100.0%2CN%3Brest%2C23.100.0%2CN%3Breport%2C23.0.0%2CN%3Babtest%2C21.0.0%2CN%3Biblock%2C23.100.0%2CN%3Badvertising%2C21.100.0%2CN%3Bwiki%2C23.0.0%2CN%3Bui%2C22.1600.0%2CN%3Bstoreassist%2C21.0.0%2CN%3Bsocialnetwork%2C23.100.0%2CN%3Bbitrix.eshop%2C22.100.0%2CN%3Bconversion%2C22.0.0%2CN%3Blists%2C23.100.0%2CN%3Bworkflow%2C21.0.0%2CN%3Bpull%2C23.100.0%2CN%3Bfileman%2C22.300.0%2CN%3Bperfmon%2C21.0.0%2CN%3Bforum%2C23.0.0%2CN%3Bseo%2C23.200.0%2CN%3Bsearch%2C22.100.0%2CN%3Blearning%2C22.0.0%2CN%3Btranslate%2C23.200.0%2CN%3Blanding%2C23.600.150%2CN%3Bvote%2C23.0.0%2CN%3Bbitrix.sitecorporate%2C15.5.0%2CN%3Bsocialservices%2C22.200.400%2CN%3Bbitrix.sitecommunity%2C15.5.0%2CN%3Bmail%2C22.800.100%2CN%3Bb24connector%2C22.0.0%2CN%3Bsubscribe%2C21.0.0%2CN%3Bbitrix.siteinfoportal%2C15.5.0%2CN%3Bmobileapp%2C23.0.0%2CN%3Bmessageservice%2C23.0.0%2CN&reqm=bitrix.sitepersonal%2Cbitrix.eshop%2Cbitrix.sitecorporate%2Cbitrix.sitecommunity%2Cbitrix.siteinfoportal&fullmoduleinfo=Y&SUPD_SRS=RU&SUPD_CMP=N
2024-09-03 11:23:54 -  - exec CUpdateClientPartner::GetHTTPPage
2024-09-03 11:23:54 -  - TIME GetUpdatesList(request) 0.156 sec
2024-09-03 11:23:54 -  - exec CUpdateClientPartner::ParseServerData
2024-09-03 11:23:54 -  - exec CUpdateClientPartner::__CollectRequestData
2024-09-03 11:23:54 -  - exec CUpdateClientPartner::GetHTTPPage
2024-09-03 11:23:54 -  - exec CUpdateClientPartner::ParseServerData
2024-09-05 09:18:37 -  - exec CUpdateClientPartner::__CollectRequestData
2024-09-05 09:18:37 -  - exec CUpdateClientPartner::GetHTTPPage
2024-09-05 09:18:38 -  - exec CUpdateClientPartner::ParseServerData
2024-09-05 09:18:38 -  - exec CUpdateClientPartner::GetUpdatesList
2024-09-05 09:18:38 -  - exec CUpdateClientPartner::__CollectRequestData
2024-09-05 09:18:38 -  - utf=Y&lang=ru&stable=Y&CANGZIP=Y&SUPD_DBS=MYSQL&XE=N&CLIENT_SITE=tuman2eq.beget.tech&LICENSE_KEY=X&SUPD_STS=1&SUPD_URS=1&TYPENC=D&CLIENT_PHPVER=8.3.8&NGINX=Y&dbv=8.0.34&instm=main%2C23.300.100%2CY%3Bsecurity%2C21.300.0%2CN%3Bhighloadblock%2C22.200.0%2CN%3Bform%2C22.0.0%2CN%3Bwebservice%2C21.0.0%2CN%3Bbitrixcloud%2C22.100.0%2CN%3Bidea%2C21.0.0%2CN%3Bsender%2C23.0.0%2CN%3Bbizprocdesigner%2C23.100.0%2CN%3Bbitrix.sitepersonal%2C15.5.0%2CN%3Bbizproc%2C23.200.100%2CN%3Bsale%2C23.200.0%2CN%3Bblog%2C22.0.0%2CN%3Bphotogallery%2C22.0.200%2CN%3Bstatistic%2C22.0.0%2CN%3Bcurrency%2C22.500.0%2CN%3Bim%2C23.400.0%2CN%3Bscale%2C21.0.0%2CN%3Bclouds%2C23.0.0%2CN%3Bsupport%2C23.0.0%2CN%3Blocation%2C23.0.0%2CN%3Bcalendar%2C23.200.100%2CN%3Bcatalog%2C23.100.0%2CN%3Brest%2C23.100.0%2CN%3Breport%2C23.0.0%2CN%3Babtest%2C21.0.0%2CN%3Biblock%2C23.100.0%2CN%3Badvertising%2C21.100.0%2CN%3Bwiki%2C23.0.0%2CN%3Bui%2C22.1600.0%2CN%3Bstoreassist%2C21.0.0%2CN%3Bsocialnetwork%2C23.100.0%2CN%3Bbitrix.eshop%2C22.100.0%2CN%3Bconversion%2C22.0.0%2CN%3Blists%2C23.100.0%2CN%3Bworkflow%2C21.0.0%2CN%3Bpull%2C23.100.0%2CN%3Bfileman%2C22.300.0%2CN%3Bperfmon%2C21.0.0%2CN%3Bforum%2C23.0.0%2CN%3Bseo%2C23.200.0%2CN%3Bsearch%2C22.100.0%2CN%3Blearning%2C22.0.0%2CN%3Btranslate%2C23.200.0%2CN%3Blanding%2C23.600.150%2CN%3Bvote%2C23.0.0%2CN%3Bbitrix.sitecorporate%2C15.5.0%2CN%3Bsocialservices%2C22.200.400%2CN%3Bbitrix.sitecommunity%2C15.5.0%2CN%3Bmail%2C22.800.100%2CN%3Bb24connector%2C22.0.0%2CN%3Bsubscribe%2C21.0.0%2CN%3Bbitrix.siteinfoportal%2C15.5.0%2CN%3Bmobileapp%2C23.0.0%2CN%3Bmessageservice%2C23.0.0%2CN&reqm=bitrix.sitepersonal%2Cbitrix.eshop%2Cbitrix.sitecorporate%2Cbitrix.sitecommunity%2Cbitrix.siteinfoportal&fullmoduleinfo=Y&SUPD_SRS=RU&SUPD_CMP=N
2024-09-05 09:18:38 -  - exec CUpdateClientPartner::GetHTTPPage
2024-09-05 09:18:38 -  - TIME GetUpdatesList(request) 0.151 sec
2024-09-05 09:18:38 -  - exec CUpdateClientPartner::ParseServerData
2024-09-05 09:18:38 -  - exec CUpdateClientPartner::__CollectRequestData
2024-09-05 09:18:38 -  - exec CUpdateClientPartner::GetHTTPPage
2024-09-05 09:18:38 -  - exec CUpdateClientPartner::ParseServerData
